Performing C SOURCE FILE Test CMAKE_HAVE_LIBC_PTHREAD failed with the following output:
Change Dir: /home/vuong/Code/vslam_ws/src/vslam2/build/CMakeFiles/CMakeTmp

Run Build Command(s):/usr/bin/ninja cmTC_24901 && [1/2] Building C object CMakeFiles/cmTC_24901.dir/src.c.o
[2/2] Linking C executable cmTC_24901
FAILED: cmTC_24901 
: && /usr/bin/cc -DCMAKE_HAVE_LIBC_PTHREAD  -rdynamic CMakeFiles/cmTC_24901.dir/src.c.o  -o cmTC_24901   && :
/usr/bin/ld: CMakeFiles/cmTC_24901.dir/src.c.o: in function `main':
src.c:(.text+0x46): undefined reference to `pthread_create'
/usr/bin/ld: src.c:(.text+0x52): undefined reference to `pthread_detach'
/usr/bin/ld: src.c:(.text+0x63): undefined reference to `pthread_join'
collect2: error: ld returned 1 exit status
ninja: build stopped: subcommand failed.


Source file was:
#include <pthread.h>

void* test_func(void* data)
{
  return data;
}

int main(void)
{
  pthread_t thread;
  pthread_create(&thread, NULL, test_func, NULL);
  pthread_detach(thread);
  pthread_join(thread, NULL);
  pthread_atfork(NULL, NULL, NULL);
  pthread_exit(NULL);

  return 0;
}

Determining if the function pthread_create exists in the pthreads failed with the following output:
Change Dir: /home/vuong/Code/vslam_ws/src/vslam2/build/CMakeFiles/CMakeTmp

Run Build Command(s):/usr/bin/ninja cmTC_41b5a && [1/2] Building C object CMakeFiles/cmTC_41b5a.dir/CheckFunctionExists.c.o
[2/2] Linking C executable cmTC_41b5a
FAILED: cmTC_41b5a 
: && /usr/bin/cc -DCHECK_FUNCTION_EXISTS=pthread_create  -rdynamic CMakeFiles/cmTC_41b5a.dir/CheckFunctionExists.c.o  -o cmTC_41b5a  -lpthreads && :
/usr/bin/ld: cannot find -lpthreads
collect2: error: ld returned 1 exit status
ninja: build stopped: subcommand failed.



Performing C SOURCE FILE Test CMAKE_HAVE_LIBC_PTHREAD failed with the following output:
Change Dir: /home/itmo/Code/cat_ws/src/vslam2/build/CMakeFiles/CMakeTmp

Run Build Command(s):/usr/bin/make -f Makefile cmTC_7c36e/fast && /usr/bin/make  -f CMakeFiles/cmTC_7c36e.dir/build.make CMakeFiles/cmTC_7c36e.dir/build
make[1]: Entering directory '/home/itmo/Code/cat_ws/src/vslam2/build/CMakeFiles/CMakeTmp'
Building C object CMakeFiles/cmTC_7c36e.dir/src.c.o
/usr/bin/cc -DCMAKE_HAVE_LIBC_PTHREAD   -o CMakeFiles/cmTC_7c36e.dir/src.c.o -c /home/itmo/Code/cat_ws/src/vslam2/build/CMakeFiles/CMakeTmp/src.c
Linking C executable cmTC_7c36e
/usr/bin/cmake -E cmake_link_script CMakeFiles/cmTC_7c36e.dir/link.txt --verbose=1
/usr/bin/cc -rdynamic CMakeFiles/cmTC_7c36e.dir/src.c.o -o cmTC_7c36e 
CMakeFiles/cmTC_7c36e.dir/src.c.o: In function `main':
src.c:(.text+0x48): undefined reference to `pthread_create'
src.c:(.text+0x50): undefined reference to `pthread_detach'
src.c:(.text+0x58): undefined reference to `pthread_cancel'
src.c:(.text+0x64): undefined reference to `pthread_join'
src.c:(.text+0x74): undefined reference to `pthread_atfork'
collect2: error: ld returned 1 exit status
CMakeFiles/cmTC_7c36e.dir/build.make:98: recipe for target 'cmTC_7c36e' failed
make[1]: *** [cmTC_7c36e] Error 1
make[1]: Leaving directory '/home/itmo/Code/cat_ws/src/vslam2/build/CMakeFiles/CMakeTmp'
Makefile:127: recipe for target 'cmTC_7c36e/fast' failed
make: *** [cmTC_7c36e/fast] Error 2


Source file was:
#include <pthread.h>

static void* test_func(void* data)
{
  return data;
}

int main(void)
{
  pthread_t thread;
  pthread_create(&thread, NULL, test_func, NULL);
  pthread_detach(thread);
  pthread_cancel(thread);
  pthread_join(thread, NULL);
  pthread_atfork(NULL, NULL, NULL);
  pthread_exit(NULL);

  return 0;
}

Determining if the function pthread_create exists in the pthreads failed with the following output:
Change Dir: /home/itmo/Code/cat_ws/src/vslam2/build/CMakeFiles/CMakeTmp

Run Build Command(s):/usr/bin/make -f Makefile cmTC_2b540/fast && /usr/bin/make  -f CMakeFiles/cmTC_2b540.dir/build.make CMakeFiles/cmTC_2b540.dir/build
make[1]: Entering directory '/home/itmo/Code/cat_ws/src/vslam2/build/CMakeFiles/CMakeTmp'
Building C object CMakeFiles/cmTC_2b540.dir/CheckFunctionExists.c.o
/usr/bin/cc   -DCHECK_FUNCTION_EXISTS=pthread_create -o CMakeFiles/cmTC_2b540.dir/CheckFunctionExists.c.o -c /usr/share/cmake-3.23/Modules/CheckFunctionExists.c
Linking C executable cmTC_2b540
/usr/bin/cmake -E cmake_link_script CMakeFiles/cmTC_2b540.dir/link.txt --verbose=1
/usr/bin/cc  -DCHECK_FUNCTION_EXISTS=pthread_create -rdynamic CMakeFiles/cmTC_2b540.dir/CheckFunctionExists.c.o -o cmTC_2b540  -lpthreads 
/usr/bin/ld: cannot find -lpthreads
collect2: error: ld returned 1 exit status
CMakeFiles/cmTC_2b540.dir/build.make:98: recipe for target 'cmTC_2b540' failed
make[1]: *** [cmTC_2b540] Error 1
make[1]: Leaving directory '/home/itmo/Code/cat_ws/src/vslam2/build/CMakeFiles/CMakeTmp'
Makefile:127: recipe for target 'cmTC_2b540/fast' failed
make: *** [cmTC_2b540/fast] Error 2



